-------------------------------------------------------------------------------
Test set: hari.darmawan.core.ApplicationTests
-------------------------------------------------------------------------------
Tests run: 1, Failures: 0, Errors: 1, Skipped: 0, Time elapsed: 5.511 s <<< FAILURE! - in hari.darmawan.core.ApplicationTests
contextLoads  Time elapsed: 0.002 s  <<< ERROR!
java.lang.IllegalStateException: Failed to load ApplicationContext
Caused by: org.springframework.beans.factory.UnsatisfiedDependencyException: Error creating bean with name 'productController': Unsatisfied dependency expressed through field 'productService'; nested exception is org.springframework.beans.factory.UnsatisfiedDependencyException: Error creating bean with name 'productService': Unsatisfied dependency expressed through field 'productRepo'; nested exception is org.springframework.beans.factory.BeanCreationException: Error creating bean with name 'productRepo' defined in hari.darmawan.core.models.repos.ProductRepo defined in @EnableJpaRepositories declared on JpaRepositoriesRegistrar.EnableJpaRepositoriesConfiguration: Invocation of init method failed; nested exception is org.springframework.data.repository.query.QueryCreationException: Could not create query for public abstract java.util.List hari.darmawan.core.models.repos.ProductRepo.FindByNameContains(java.lang.String); Reason: Failed to create query for method public abstract java.util.List hari.darmawan.core.models.repos.ProductRepo.FindByNameContains(java.lang.String)! No property 'findByName' found for type 'Product'; nested exception is java.lang.IllegalArgumentException: Failed to create query for method public abstract java.util.List hari.darmawan.core.models.repos.ProductRepo.FindByNameContains(java.lang.String)! No property 'findByName' found for type 'Product'
Caused by: org.springframework.beans.factory.UnsatisfiedDependencyException: Error creating bean with name 'productService': Unsatisfied dependency expressed through field 'productRepo'; nested exception is org.springframework.beans.factory.BeanCreationException: Error creating bean with name 'productRepo' defined in hari.darmawan.core.models.repos.ProductRepo defined in @EnableJpaRepositories declared on JpaRepositoriesRegistrar.EnableJpaRepositoriesConfiguration: Invocation of init method failed; nested exception is org.springframework.data.repository.query.QueryCreationException: Could not create query for public abstract java.util.List hari.darmawan.core.models.repos.ProductRepo.FindByNameContains(java.lang.String); Reason: Failed to create query for method public abstract java.util.List hari.darmawan.core.models.repos.ProductRepo.FindByNameContains(java.lang.String)! No property 'findByName' found for type 'Product'; nested exception is java.lang.IllegalArgumentException: Failed to create query for method public abstract java.util.List hari.darmawan.core.models.repos.ProductRepo.FindByNameContains(java.lang.String)! No property 'findByName' found for type 'Product'
Caused by: org.springframework.beans.factory.BeanCreationException: Error creating bean with name 'productRepo' defined in hari.darmawan.core.models.repos.ProductRepo defined in @EnableJpaRepositories declared on JpaRepositoriesRegistrar.EnableJpaRepositoriesConfiguration: Invocation of init method failed; nested exception is org.springframework.data.repository.query.QueryCreationException: Could not create query for public abstract java.util.List hari.darmawan.core.models.repos.ProductRepo.FindByNameContains(java.lang.String); Reason: Failed to create query for method public abstract java.util.List hari.darmawan.core.models.repos.ProductRepo.FindByNameContains(java.lang.String)! No property 'findByName' found for type 'Product'; nested exception is java.lang.IllegalArgumentException: Failed to create query for method public abstract java.util.List hari.darmawan.core.models.repos.ProductRepo.FindByNameContains(java.lang.String)! No property 'findByName' found for type 'Product'
Caused by: org.springframework.data.repository.query.QueryCreationException: Could not create query for public abstract java.util.List hari.darmawan.core.models.repos.ProductRepo.FindByNameContains(java.lang.String); Reason: Failed to create query for method public abstract java.util.List hari.darmawan.core.models.repos.ProductRepo.FindByNameContains(java.lang.String)! No property 'findByName' found for type 'Product'; nested exception is java.lang.IllegalArgumentException: Failed to create query for method public abstract java.util.List hari.darmawan.core.models.repos.ProductRepo.FindByNameContains(java.lang.String)! No property 'findByName' found for type 'Product'
Caused by: java.lang.IllegalArgumentException: Failed to create query for method public abstract java.util.List hari.darmawan.core.models.repos.ProductRepo.FindByNameContains(java.lang.String)! No property 'findByName' found for type 'Product'
Caused by: org.springframework.data.mapping.PropertyReferenceException: No property 'findByName' found for type 'Product'

